<?xml version="1.0" encoding="UTF-8"?>
<testng-results ignored="0" total="1" passed="1" failed="0" skipped="0">
  <reporter-output>
  </reporter-output>
  <suite started-at="2023-08-13T17:15:24Z" name="Default suite" finished-at="2023-08-13T17:15:26Z" duration-ms="2072">
    <groups>
    </groups>
    <test started-at="2023-08-13T17:15:24Z" name="Default test" finished-at="2023-08-13T17:15:26Z" duration-ms="2072">
      <class name="RestAPIEtoE.APIENDTESTCASE">
        <test-method signature="AllTests()[pri:0, instance:RestAPIEtoE.APIENDTESTCASE@7c214cc0]" started-at="2023-08-13T17:15:24Z" name="AllTests" finished-at="2023-08-13T17:15:26Z" duration-ms="2052" status="PASS">
          <reporter-output>
          </reporter-output>
        </test-method> <!-- AllTests -->
      </class> <!-- RestAPIEtoE.APIENDTESTCASE -->
    </test> <!-- Default test -->
  </suite> <!-- Default suite -->
</testng-results>
